[2024-10-28 22:57:47] local.ERROR: Method Illuminate\Validation\Validator::validateFloat does not exist. {"exception":"[object] (BadMethodCallException(code: 0): Method Illuminate\\Validation\\Validator::validateFloat does not exist. at C:\\Users\\aluno.torres\\Desktop\\api_ap2_segunda\\api_ap2_segunda\\vendor\\laravel\\framework\\src\\Illuminate\\Validation\\Validator.php:1638)
[stacktrace]
#0 C:\\Users\\aluno.torres\\Desktop\\api_ap2_segunda\\api_ap2_segunda\\vendor\\laravel\\framework\\src\\Illuminate\\Validation\\Validator.php(664): Illuminate\\Validation\\Validator->__call('validateFloat', Array)
#1 C:\\Users\\aluno.torres\\Desktop\\api_ap2_segunda\\api_ap2_segunda\\vendor\\laravel\\framework\\src\\Illuminate\\Validation\\Validator.php(459): Illuminate\\Validation\\Validator->validateAttribute('preco', 'Float')
#2 C:\\Users\\aluno.torres\\Desktop\\api_ap2_segunda\\api_ap2_segunda\\vendor\\laravel\\framework\\src\\Illuminate\\Validation\\Validator.php(494): Illuminate\\Validation\\Validator->passes()
#3 C:\\Users\\aluno.torres\\Desktop\\api_ap2_segunda\\api_ap2_segunda\\app\\Http\\Controllers\\ProdutoController.php(39): Illuminate\\Validation\\Validator->fails()
#4 C:\\Users\\aluno.torres\\Desktop\\api_ap2_segunda\\api_ap2_segunda\\vendor\\laravel\\framework\\src\\Illuminate\\Routing\\ControllerDispatcher.php(46): App\\Http\\Controllers\\ProdutoController->criar(Object(Illuminate\\Http\\Request))
#5 C:\\Users\\aluno.torres\\Desktop\\api_ap2_segunda\\api_ap2_segunda\\vendor\\laravel\\framework\\src\\Illuminate\\Routing\\Route.php(264): Illuminate\\Routing\\ControllerDispatcher->dispatch(Object(Illuminate\\Routing\\Route), Object(App\\Http\\Controllers\\ProdutoController), 'criar')
#6 C:\\Users\\aluno.torres\\Desktop\\api_ap2_segunda\\api_ap2_segunda\\vendor\\laravel\\framework\\src\\Illuminate\\Routing\\Route.php(210): Illuminate\\Routing\\Route->runController()
#7 C:\\Users\\aluno.torres\\Desktop\\api_ap2_segunda\\api_ap2_segunda\\vendor\\laravel\\framework\\src\\Illuminate\\Routing\\Router.php(808): Illuminate\\Routing\\Route->run()
#8 C:\\Users\\aluno.torres\\Desktop\\api_ap2_segunda\\api_ap2_segunda\\vendor\\laravel\\framework\\src\\Illuminate\\Pipeline\\Pipeline.php(144): Illuminate\\Routing\\Router->Illuminate\\Routing\\{closure}(Object(Illuminate\\Http\\Request))
#9 C:\\Users\\aluno.torres\\Desktop\\api_ap2_segunda\\api_ap2_segunda\\vendor\\laravel\\framework\\src\\Illuminate\\Routing\\Middleware\\SubstituteBindings.php(51): Illuminate\\Pipeline\\Pipeline->Illuminate\\Pipeline\\{closure}(Object(Illuminate\\Http\\Request))
#10 C:\\Users\\aluno.torres\\Desktop\\api_ap2_segunda\\api_ap2_segunda\\vendor\\laravel\\framework\\src\\Illuminate\\Pipeline\\Pipeline.php(183): Illuminate\\Routing\\Middleware\\SubstituteBindings->handle(Object(Illuminate\\Http\\Request), Object(Closure))
#11 C:\\Users\\aluno.torres\\Desktop\\api_ap2_segunda\\api_ap2_segunda\\vendor\\laravel\\framework\\src\\Illuminate\\Pipeline\\Pipeline.php(119): Illuminate\\Pipeline\\Pipeline->Illuminate\\Pipeline\\{closure}(Object(Illuminate\\Http\\Request))
#12 C:\\Users\\aluno.torres\\Desktop\\api_ap2_segunda\\api_ap2_segunda\\vendor\\laravel\\framework\\src\\Illuminate\\Routing\\Router.php(807): Illuminate\\Pipeline\\Pipeline->then(Object(Closure))
#13 C:\\Users\\aluno.torres\\Desktop\\api_ap2_segunda\\api_ap2_segunda\\vendor\\laravel\\framework\\src\\Illuminate\\Routing\\Router.php(786): Illuminate\\Routing\\Router->runRouteWithinStack(Object(Illuminate\\Routing\\Route), Object(Illuminate\\Http\\Request))
#14 C:\\Users\\aluno.torres\\Desktop\\api_ap2_segunda\\api_ap2_segunda\\vendor\\laravel\\framework\\src\\Illuminate\\Routing\\Router.php(750): Illuminate\\Routing\\Router->runRoute(Object(Illuminate\\Http\\Request), Object(Illuminate\\Routing\\Route))
#15 C:\\Users\\aluno.torres\\Desktop\\api_ap2_segunda\\api_ap2_segunda\\vendor\\laravel\\framework\\src\\Illuminate\\Routing\\Router.php(739): Illuminate\\Routing\\Router->dispatchToRoute(Object(Illuminate\\Http\\Request))
#16 C:\\Users\\aluno.torres\\Desktop\\api_ap2_segunda\\api_ap2_segunda\\vendor\\laravel\\framework\\src\\Illuminate\\Foundation\\Http\\Kernel.php(201): Illuminate\\Routing\\Router->dispatch(Object(Illuminate\\Http\\Request))
#17 C:\\Users\\aluno.torres\\Desktop\\api_ap2_segunda\\api_ap2_segunda\\vendor\\laravel\\framework\\src\\Illuminate\\Pipeline\\Pipeline.php(144): Illuminate\\Foundation\\Http\\Kernel->Illuminate\\Foundation\\Http\\{closure}(Object(Illuminate\\Http\\Request))
#18 C:\\Users\\aluno.torres\\Desktop\\api_ap2_segunda\\api_ap2_segunda\\vendor\\laravel\\framework\\src\\Illuminate\\Foundation\\Http\\Middleware\\TransformsRequest.php(21): Illuminate\\Pipeline\\Pipeline->Illuminate\\Pipeline\\{closure}(Object(Illuminate\\Http\\Request))
#19 C:\\Users\\aluno.torres\\Desktop\\api_ap2_segunda\\api_ap2_segunda\\vendor\\laravel\\framework\\src\\Illuminate\\Foundation\\Http\\Middleware\\ConvertEmptyStringsToNull.php(31): Illuminate\\Foundation\\Http\\Middleware\\TransformsRequest->handle(Object(Illuminate\\Http\\Request), Object(Closure))
#20 C:\\Users\\aluno.torres\\Desktop\\api_ap2_segunda\\api_ap2_segunda\\vendor\\laravel\\framework\\src\\Illuminate\\Pipeline\\Pipeline.php(183): Illuminate\\Foundation\\Http\\Middleware\\ConvertEmptyStringsToNull->handle(Object(Illuminate\\Http\\Request), Object(Closure))
#21 C:\\Users\\aluno.torres\\Desktop\\api_ap2_segunda\\api_ap2_segunda\\vendor\\laravel\\framework\\src\\Illuminate\\Foundation\\Http\\Middleware\\TransformsRequest.php(21): Illuminate\\Pipeline\\Pipeline->Illuminate\\Pipeline\\{closure}(Object(Illuminate\\Http\\Request))
#22 C:\\Users\\aluno.torres\\Desktop\\api_ap2_segunda\\api_ap2_segunda\\vendor\\laravel\\framework\\src\\Illuminate\\Foundation\\Http\\Middleware\\TrimStrings.php(51): Illuminate\\Foundation\\Http\\Middleware\\TransformsRequest->handle(Object(Illuminate\\Http\\Request), Object(Closure))
#23 C:\\Users\\aluno.torres\\Desktop\\api_ap2_segunda\\api_ap2_segunda\\vendor\\laravel\\framework\\src\\Illuminate\\Pipeline\\Pipeline.php(183): Illuminate\\Foundation\\Http\\Middleware\\TrimStrings->handle(Object(Illuminate\\Http\\Request), Object(Closure))
#24 C:\\Users\\aluno.torres\\Desktop\\api_ap2_segunda\\api_ap2_segunda\\vendor\\laravel\\framework\\src\\Illuminate\\Http\\Middleware\\ValidatePostSize.php(27): Illuminate\\Pipeline\\Pipeline->Illuminate\\Pipeline\\{closure}(Object(Illuminate\\Http\\Request))
#25 C:\\Users\\aluno.torres\\Desktop\\api_ap2_segunda\\api_ap2_segunda\\vendor\\laravel\\framework\\src\\Illuminate\\Pipeline\\Pipeline.php(183): Illuminate\\Http\\Middleware\\ValidatePostSize->handle(Object(Illuminate\\Http\\Request), Object(Closure))
#26 C:\\Users\\aluno.torres\\Desktop\\api_ap2_segunda\\api_ap2_segunda\\vendor\\laravel\\framework\\src\\Illuminate\\Foundation\\Http\\Middleware\\PreventRequestsDuringMaintenance.php(110): Illuminate\\Pipeline\\Pipeline->Illuminate\\Pipeline\\{closure}(Object(Illuminate\\Http\\Request))
#27 C:\\Users\\aluno.torres\\Desktop\\api_ap2_segunda\\api_ap2_segunda\\vendor\\laravel\\framework\\src\\Illuminate\\Pipeline\\Pipeline.php(183): Illuminate\\Foundation\\Http\\Middleware\\PreventRequestsDuringMaintenance->handle(Object(Illuminate\\Http\\Request), Object(Closure))
#28 C:\\Users\\aluno.torres\\Desktop\\api_ap2_segunda\\api_ap2_segunda\\vendor\\laravel\\framework\\src\\Illuminate\\Http\\Middleware\\HandleCors.php(62): Illuminate\\Pipeline\\Pipeline->Illuminate\\Pipeline\\{closure}(Object(Illuminate\\Http\\Request))
#29 C:\\Users\\aluno.torres\\Desktop\\api_ap2_segunda\\api_ap2_segunda\\vendor\\laravel\\framework\\src\\Illuminate\\Pipeline\\Pipeline.php(183): Illuminate\\Http\\Middleware\\HandleCors->handle(Object(Illuminate\\Http\\Request), Object(Closure))
#30 C:\\Users\\aluno.torres\\Desktop\\api_ap2_segunda\\api_ap2_segunda\\vendor\\laravel\\framework\\src\\Illuminate\\Http\\Middleware\\TrustProxies.php(58): Illuminate\\Pipeline\\Pipeline->Illuminate\\Pipeline\\{closure}(Object(Illuminate\\Http\\Request))
#31 C:\\Users\\aluno.torres\\Desktop\\api_ap2_segunda\\api_ap2_segunda\\vendor\\laravel\\framework\\src\\Illuminate\\Pipeline\\Pipeline.php(183): Illuminate\\Http\\Middleware\\TrustProxies->handle(Object(Illuminate\\Http\\Request), Object(Closure))
#32 C:\\Users\\aluno.torres\\Desktop\\api_ap2_segunda\\api_ap2_segunda\\vendor\\laravel\\framework\\src\\Illuminate\\Foundation\\Http\\Middleware\\InvokeDeferredCallbacks.php(22): Illuminate\\Pipeline\\Pipeline->Illuminate\\Pipeline\\{closure}(Object(Illuminate\\Http\\Request))
#33 C:\\Users\\aluno.torres\\Desktop\\api_ap2_segunda\\api_ap2_segunda\\vendor\\laravel\\framework\\src\\Illuminate\\Pipeline\\Pipeline.php(183): Illuminate\\Foundation\\Http\\Middleware\\InvokeDeferredCallbacks->handle(Object(Illuminate\\Http\\Request), Object(Closure))
#34 C:\\Users\\aluno.torres\\Desktop\\api_ap2_segunda\\api_ap2_segunda\\vendor\\laravel\\framework\\src\\Illuminate\\Pipeline\\Pipeline.php(119): Illuminate\\Pipeline\\Pipeline->Illuminate\\Pipeline\\{closure}(Object(Illuminate\\Http\\Request))
#35 C:\\Users\\aluno.torres\\Desktop\\api_ap2_segunda\\api_ap2_segunda\\vendor\\laravel\\framework\\src\\Illuminate\\Foundation\\Http\\Kernel.php(176): Illuminate\\Pipeline\\Pipeline->then(Object(Closure))
#36 C:\\Users\\aluno.torres\\Desktop\\api_ap2_segunda\\api_ap2_segunda\\vendor\\laravel\\framework\\src\\Illuminate\\Foundation\\Http\\Kernel.php(145): Illuminate\\Foundation\\Http\\Kernel->sendRequestThroughRouter(Object(Illuminate\\Http\\Request))
#37 C:\\Users\\aluno.torres\\Desktop\\api_ap2_segunda\\api_ap2_segunda\\vendor\\laravel\\framework\\src\\Illuminate\\Foundation\\Application.php(1188): Illuminate\\Foundation\\Http\\Kernel->handle(Object(Illuminate\\Http\\Request))
#38 C:\\Users\\aluno.torres\\Desktop\\api_ap2_segunda\\api_ap2_segunda\\public\\index.php(17): Illuminate\\Foundation\\Application->handleRequest(Object(Illuminate\\Http\\Request))
#39 C:\\Users\\aluno.torres\\Desktop\\api_ap2_segunda\\api_ap2_segunda\\vendor\\laravel\\framework\\src\\Illuminate\\Foundation\\resources\\server.php(23): require_once('C:\\\\Users\\\\aluno....')
#40 {main}
"} 
[2024-10-28 22:58:43] local.ERROR: Add [nome] to fillable property to allow mass assignment on [App\Models\Produto]. {"exception":"[object] (Illuminate\\Database\\Eloquent\\MassAssignmentException(code: 0): Add [nome] to fillable property to allow mass assignment on [App\\Models\\Produto]. at C:\\Users\\aluno.torres\\Desktop\\api_ap2_segunda\\api_ap2_segunda\\vendor\\laravel\\framework\\src\\Illuminate\\Database\\Eloquent\\Model.php:543)
[stacktrace]
#0 C:\\Users\\aluno.torres\\Desktop\\api_ap2_segunda\\api_ap2_segunda\\vendor\\laravel\\framework\\src\\Illuminate\\Database\\Eloquent\\Model.php(632): Illuminate\\Database\\Eloquent\\Model->fill(Array)
#1 C:\\Users\\aluno.torres\\Desktop\\api_ap2_segunda\\api_ap2_segunda\\vendor\\laravel\\framework\\src\\Illuminate\\Database\\Eloquent\\Builder.php(1593): Illuminate\\Database\\Eloquent\\Model->newInstance(Array)
#2 C:\\Users\\aluno.torres\\Desktop\\api_ap2_segunda\\api_ap2_segunda\\vendor\\laravel\\framework\\src\\Illuminate\\Database\\Eloquent\\Builder.php(1078): Illuminate\\Database\\Eloquent\\Builder->newModelInstance(Array)
#3 C:\\Users\\aluno.torres\\Desktop\\api_ap2_segunda\\api_ap2_segunda\\vendor\\laravel\\framework\\src\\Illuminate\\Support\\Traits\\ForwardsCalls.php(23): Illuminate\\Database\\Eloquent\\Builder->create(Array)
#4 C:\\Users\\aluno.torres\\Desktop\\api_ap2_segunda\\api_ap2_segunda\\vendor\\laravel\\framework\\src\\Illuminate\\Database\\Eloquent\\Model.php(2367): Illuminate\\Database\\Eloquent\\Model->forwardCallTo(Object(Illuminate\\Database\\Eloquent\\Builder), 'create', Array)
#5 C:\\Users\\aluno.torres\\Desktop\\api_ap2_segunda\\api_ap2_segunda\\vendor\\laravel\\framework\\src\\Illuminate\\Database\\Eloquent\\Model.php(2379): Illuminate\\Database\\Eloquent\\Model->__call('create', Array)
#6 C:\\Users\\aluno.torres\\Desktop\\api_ap2_segunda\\api_ap2_segunda\\app\\Http\\Controllers\\ProdutoController.php(47): Illuminate\\Database\\Eloquent\\Model::__callStatic('create', Array)
#7 C:\\Users\\aluno.torres\\Desktop\\api_ap2_segunda\\api_ap2_segunda\\vendor\\laravel\\framework\\src\\Illuminate\\Routing\\ControllerDispatcher.php(46): App\\Http\\Controllers\\ProdutoController->criar(Object(Illuminate\\Http\\Request))
#8 C:\\Users\\aluno.torres\\Desktop\\api_ap2_segunda\\api_ap2_segunda\\vendor\\laravel\\framework\\src\\Illuminate\\Routing\\Route.php(264): Illuminate\\Routing\\ControllerDispatcher->dispatch(Object(Illuminate\\Routing\\Route), Object(App\\Http\\Controllers\\ProdutoController), 'criar')
#9 C:\\Users\\aluno.torres\\Desktop\\api_ap2_segunda\\api_ap2_segunda\\vendor\\laravel\\framework\\src\\Illuminate\\Routing\\Route.php(210): Illuminate\\Routing\\Route->runController()
#10 C:\\Users\\aluno.torres\\Desktop\\api_ap2_segunda\\api_ap2_segunda\\vendor\\laravel\\framework\\src\\Illuminate\\Routing\\Router.php(808): Illuminate\\Routing\\Route->run()
#11 C:\\Users\\aluno.torres\\Desktop\\api_ap2_segunda\\api_ap2_segunda\\vendor\\laravel\\framework\\src\\Illuminate\\Pipeline\\Pipeline.php(144): Illuminate\\Routing\\Router->Illuminate\\Routing\\{closure}(Object(Illuminate\\Http\\Request))
#12 C:\\Users\\aluno.torres\\Desktop\\api_ap2_segunda\\api_ap2_segunda\\vendor\\laravel\\framework\\src\\Illuminate\\Routing\\Middleware\\SubstituteBindings.php(51): Illuminate\\Pipeline\\Pipeline->Illuminate\\Pipeline\\{closure}(Object(Illuminate\\Http\\Request))
#13 C:\\Users\\aluno.torres\\Desktop\\api_ap2_segunda\\api_ap2_segunda\\vendor\\laravel\\framework\\src\\Illuminate\\Pipeline\\Pipeline.php(183): Illuminate\\Routing\\Middleware\\SubstituteBindings->handle(Object(Illuminate\\Http\\Request), Object(Closure))
#14 C:\\Users\\aluno.torres\\Desktop\\api_ap2_segunda\\api_ap2_segunda\\vendor\\laravel\\framework\\src\\Illuminate\\Pipeline\\Pipeline.php(119): Illuminate\\Pipeline\\Pipeline->Illuminate\\Pipeline\\{closure}(Object(Illuminate\\Http\\Request))
#15 C:\\Users\\aluno.torres\\Desktop\\api_ap2_segunda\\api_ap2_segunda\\vendor\\laravel\\framework\\src\\Illuminate\\Routing\\Router.php(807): Illuminate\\Pipeline\\Pipeline->then(Object(Closure))
#16 C:\\Users\\aluno.torres\\Desktop\\api_ap2_segunda\\api_ap2_segunda\\vendor\\laravel\\framework\\src\\Illuminate\\Routing\\Router.php(786): Illuminate\\Routing\\Router->runRouteWithinStack(Object(Illuminate\\Routing\\Route), Object(Illuminate\\Http\\Request))
#17 C:\\Users\\aluno.torres\\Desktop\\api_ap2_segunda\\api_ap2_segunda\\vendor\\laravel\\framework\\src\\Illuminate\\Routing\\Router.php(750): Illuminate\\Routing\\Router->runRoute(Object(Illuminate\\Http\\Request), Object(Illuminate\\Routing\\Route))
#18 C:\\Users\\aluno.torres\\Desktop\\api_ap2_segunda\\api_ap2_segunda\\vendor\\laravel\\framework\\src\\Illuminate\\Routing\\Router.php(739): Illuminate\\Routing\\Router->dispatchToRoute(Object(Illuminate\\Http\\Request))
#19 C:\\Users\\aluno.torres\\Desktop\\api_ap2_segunda\\api_ap2_segunda\\vendor\\laravel\\framework\\src\\Illuminate\\Foundation\\Http\\Kernel.php(201): Illuminate\\Routing\\Router->dispatch(Object(Illuminate\\Http\\Request))
#20 C:\\Users\\aluno.torres\\Desktop\\api_ap2_segunda\\api_ap2_segunda\\vendor\\laravel\\framework\\src\\Illuminate\\Pipeline\\Pipeline.php(144): Illuminate\\Foundation\\Http\\Kernel->Illuminate\\Foundation\\Http\\{closure}(Object(Illuminate\\Http\\Request))
#21 C:\\Users\\aluno.torres\\Desktop\\api_ap2_segunda\\api_ap2_segunda\\vendor\\laravel\\framework\\src\\Illuminate\\Foundation\\Http\\Middleware\\TransformsRequest.php(21): Illuminate\\Pipeline\\Pipeline->Illuminate\\Pipeline\\{closure}(Object(Illuminate\\Http\\Request))
#22 C:\\Users\\aluno.torres\\Desktop\\api_ap2_segunda\\api_ap2_segunda\\vendor\\laravel\\framework\\src\\Illuminate\\Foundation\\Http\\Middleware\\ConvertEmptyStringsToNull.php(31): Illuminate\\Foundation\\Http\\Middleware\\TransformsRequest->handle(Object(Illuminate\\Http\\Request), Object(Closure))
#23 C:\\Users\\aluno.torres\\Desktop\\api_ap2_segunda\\api_ap2_segunda\\vendor\\laravel\\framework\\src\\Illuminate\\Pipeline\\Pipeline.php(183): Illuminate\\Foundation\\Http\\Middleware\\ConvertEmptyStringsToNull->handle(Object(Illuminate\\Http\\Request), Object(Closure))
#24 C:\\Users\\aluno.torres\\Desktop\\api_ap2_segunda\\api_ap2_segunda\\vendor\\laravel\\framework\\src\\Illuminate\\Foundation\\Http\\Middleware\\TransformsRequest.php(21): Illuminate\\Pipeline\\Pipeline->Illuminate\\Pipeline\\{closure}(Object(Illuminate\\Http\\Request))
#25 C:\\Users\\aluno.torres\\Desktop\\api_ap2_segunda\\api_ap2_segunda\\vendor\\laravel\\framework\\src\\Illuminate\\Foundation\\Http\\Middleware\\TrimStrings.php(51): Illuminate\\Foundation\\Http\\Middleware\\TransformsRequest->handle(Object(Illuminate\\Http\\Request), Object(Closure))
#26 C:\\Users\\aluno.torres\\Desktop\\api_ap2_segunda\\api_ap2_segunda\\vendor\\laravel\\framework\\src\\Illuminate\\Pipeline\\Pipeline.php(183): Illuminate\\Foundation\\Http\\Middleware\\TrimStrings->handle(Object(Illuminate\\Http\\Request), Object(Closure))
#27 C:\\Users\\aluno.torres\\Desktop\\api_ap2_segunda\\api_ap2_segunda\\vendor\\laravel\\framework\\src\\Illuminate\\Http\\Middleware\\ValidatePostSize.php(27): Illuminate\\Pipeline\\Pipeline->Illuminate\\Pipeline\\{closure}(Object(Illuminate\\Http\\Request))
#28 C:\\Users\\aluno.torres\\Desktop\\api_ap2_segunda\\api_ap2_segunda\\vendor\\laravel\\framework\\src\\Illuminate\\Pipeline\\Pipeline.php(183): Illuminate\\Http\\Middleware\\ValidatePostSize->handle(Object(Illuminate\\Http\\Request), Object(Closure))
#29 C:\\Users\\aluno.torres\\Desktop\\api_ap2_segunda\\api_ap2_segunda\\vendor\\laravel\\framework\\src\\Illuminate\\Foundation\\Http\\Middleware\\PreventRequestsDuringMaintenance.php(110): Illuminate\\Pipeline\\Pipeline->Illuminate\\Pipeline\\{closure}(Object(Illuminate\\Http\\Request))
#30 C:\\Users\\aluno.torres\\Desktop\\api_ap2_segunda\\api_ap2_segunda\\vendor\\laravel\\framework\\src\\Illuminate\\Pipeline\\Pipeline.php(183): Illuminate\\Foundation\\Http\\Middleware\\PreventRequestsDuringMaintenance->handle(Object(Illuminate\\Http\\Request), Object(Closure))
#31 C:\\Users\\aluno.torres\\Desktop\\api_ap2_segunda\\api_ap2_segunda\\vendor\\laravel\\framework\\src\\Illuminate\\Http\\Middleware\\HandleCors.php(62): Illuminate\\Pipeline\\Pipeline->Illuminate\\Pipeline\\{closure}(Object(Illuminate\\Http\\Request))
#32 C:\\Users\\aluno.torres\\Desktop\\api_ap2_segunda\\api_ap2_segunda\\vendor\\laravel\\framework\\src\\Illuminate\\Pipeline\\Pipeline.php(183): Illuminate\\Http\\Middleware\\HandleCors->handle(Object(Illuminate\\Http\\Request), Object(Closure))
#33 C:\\Users\\aluno.torres\\Desktop\\api_ap2_segunda\\api_ap2_segunda\\vendor\\laravel\\framework\\src\\Illuminate\\Http\\Middleware\\TrustProxies.php(58): Illuminate\\Pipeline\\Pipeline->Illuminate\\Pipeline\\{closure}(Object(Illuminate\\Http\\Request))
#34 C:\\Users\\aluno.torres\\Desktop\\api_ap2_segunda\\api_ap2_segunda\\vendor\\laravel\\framework\\src\\Illuminate\\Pipeline\\Pipeline.php(183): Illuminate\\Http\\Middleware\\TrustProxies->handle(Object(Illuminate\\Http\\Request), Object(Closure))
#35 C:\\Users\\aluno.torres\\Desktop\\api_ap2_segunda\\api_ap2_segunda\\vendor\\laravel\\framework\\src\\Illuminate\\Foundation\\Http\\Middleware\\InvokeDeferredCallbacks.php(22): Illuminate\\Pipeline\\Pipeline->Illuminate\\Pipeline\\{closure}(Object(Illuminate\\Http\\Request))
#36 C:\\Users\\aluno.torres\\Desktop\\api_ap2_segunda\\api_ap2_segunda\\vendor\\laravel\\framework\\src\\Illuminate\\Pipeline\\Pipeline.php(183): Illuminate\\Foundation\\Http\\Middleware\\InvokeDeferredCallbacks->handle(Object(Illuminate\\Http\\Request), Object(Closure))
#37 C:\\Users\\aluno.torres\\Desktop\\api_ap2_segunda\\api_ap2_segunda\\vendor\\laravel\\framework\\src\\Illuminate\\Pipeline\\Pipeline.php(119): Illuminate\\Pipeline\\Pipeline->Illuminate\\Pipeline\\{closure}(Object(Illuminate\\Http\\Request))
#38 C:\\Users\\aluno.torres\\Desktop\\api_ap2_segunda\\api_ap2_segunda\\vendor\\laravel\\framework\\src\\Illuminate\\Foundation\\Http\\Kernel.php(176): Illuminate\\Pipeline\\Pipeline->then(Object(Closure))
#39 C:\\Users\\aluno.torres\\Desktop\\api_ap2_segunda\\api_ap2_segunda\\vendor\\laravel\\framework\\src\\Illuminate\\Foundation\\Http\\Kernel.php(145): Illuminate\\Foundation\\Http\\Kernel->sendRequestThroughRouter(Object(Illuminate\\Http\\Request))
#40 C:\\Users\\aluno.torres\\Desktop\\api_ap2_segunda\\api_ap2_segunda\\vendor\\laravel\\framework\\src\\Illuminate\\Foundation\\Application.php(1188): Illuminate\\Foundation\\Http\\Kernel->handle(Object(Illuminate\\Http\\Request))
#41 C:\\Users\\aluno.torres\\Desktop\\api_ap2_segunda\\api_ap2_segunda\\public\\index.php(17): Illuminate\\Foundation\\Application->handleRequest(Object(Illuminate\\Http\\Request))
#42 C:\\Users\\aluno.torres\\Desktop\\api_ap2_segunda\\api_ap2_segunda\\vendor\\laravel\\framework\\src\\Illuminate\\Foundation\\resources\\server.php(23): require_once('C:\\\\Users\\\\aluno....')
#43 {main}
"} 
[2024-10-28 22:59:29] local.ERROR: Add [nome] to fillable property to allow mass assignment on [App\Models\Produto]. {"exception":"[object] (Illuminate\\Database\\Eloquent\\MassAssignmentException(code: 0): Add [nome] to fillable property to allow mass assignment on [App\\Models\\Produto]. at C:\\Users\\aluno.torres\\Desktop\\api_ap2_segunda\\api_ap2_segunda\\vendor\\laravel\\framework\\src\\Illuminate\\Database\\Eloquent\\Model.php:543)
[stacktrace]
#0 C:\\Users\\aluno.torres\\Desktop\\api_ap2_segunda\\api_ap2_segunda\\vendor\\laravel\\framework\\src\\Illuminate\\Database\\Eloquent\\Model.php(632): Illuminate\\Database\\Eloquent\\Model->fill(Array)
#1 C:\\Users\\aluno.torres\\Desktop\\api_ap2_segunda\\api_ap2_segunda\\vendor\\laravel\\framework\\src\\Illuminate\\Database\\Eloquent\\Builder.php(1593): Illuminate\\Database\\Eloquent\\Model->newInstance(Array)
#2 C:\\Users\\aluno.torres\\Desktop\\api_ap2_segunda\\api_ap2_segunda\\vendor\\laravel\\framework\\src\\Illuminate\\Database\\Eloquent\\Builder.php(1078): Illuminate\\Database\\Eloquent\\Builder->newModelInstance(Array)
#3 C:\\Users\\aluno.torres\\Desktop\\api_ap2_segunda\\api_ap2_segunda\\vendor\\laravel\\framework\\src\\Illuminate\\Support\\Traits\\ForwardsCalls.php(23): Illuminate\\Database\\Eloquent\\Builder->create(Array)
#4 C:\\Users\\aluno.torres\\Desktop\\api_ap2_segunda\\api_ap2_segunda\\vendor\\laravel\\framework\\src\\Illuminate\\Database\\Eloquent\\Model.php(2367): Illuminate\\Database\\Eloquent\\Model->forwardCallTo(Object(Illuminate\\Database\\Eloquent\\Builder), 'create', Array)
#5 C:\\Users\\aluno.torres\\Desktop\\api_ap2_segunda\\api_ap2_segunda\\vendor\\laravel\\framework\\src\\Illuminate\\Database\\Eloquent\\Model.php(2379): Illuminate\\Database\\Eloquent\\Model->__call('create', Array)
#6 C:\\Users\\aluno.torres\\Desktop\\api_ap2_segunda\\api_ap2_segunda\\app\\Http\\Controllers\\ProdutoController.php(47): Illuminate\\Database\\Eloquent\\Model::__callStatic('create', Array)
#7 C:\\Users\\aluno.torres\\Desktop\\api_ap2_segunda\\api_ap2_segunda\\vendor\\laravel\\framework\\src\\Illuminate\\Routing\\ControllerDispatcher.php(46): App\\Http\\Controllers\\ProdutoController->criar(Object(Illuminate\\Http\\Request))
#8 C:\\Users\\aluno.torres\\Desktop\\api_ap2_segunda\\api_ap2_segunda\\vendor\\laravel\\framework\\src\\Illuminate\\Routing\\Route.php(264): Illuminate\\Routing\\ControllerDispatcher->dispatch(Object(Illuminate\\Routing\\Route), Object(App\\Http\\Controllers\\ProdutoController), 'criar')
#9 C:\\Users\\aluno.torres\\Desktop\\api_ap2_segunda\\api_ap2_segunda\\vendor\\laravel\\framework\\src\\Illuminate\\Routing\\Route.php(210): Illuminate\\Routing\\Route->runController()
#10 C:\\Users\\aluno.torres\\Desktop\\api_ap2_segunda\\api_ap2_segunda\\vendor\\laravel\\framework\\src\\Illuminate\\Routing\\Router.php(808): Illuminate\\Routing\\Route->run()
#11 C:\\Users\\aluno.torres\\Desktop\\api_ap2_segunda\\api_ap2_segunda\\vendor\\laravel\\framework\\src\\Illuminate\\Pipeline\\Pipeline.php(144): Illuminate\\Routing\\Router->Illuminate\\Routing\\{closure}(Object(Illuminate\\Http\\Request))
#12 C:\\Users\\aluno.torres\\Desktop\\api_ap2_segunda\\api_ap2_segunda\\vendor\\laravel\\framework\\src\\Illuminate\\Routing\\Middleware\\SubstituteBindings.php(51): Illuminate\\Pipeline\\Pipeline->Illuminate\\Pipeline\\{closure}(Object(Illuminate\\Http\\Request))
#13 C:\\Users\\aluno.torres\\Desktop\\api_ap2_segunda\\api_ap2_segunda\\vendor\\laravel\\framework\\src\\Illuminate\\Pipeline\\Pipeline.php(183): Illuminate\\Routing\\Middleware\\SubstituteBindings->handle(Object(Illuminate\\Http\\Request), Object(Closure))
#14 C:\\Users\\aluno.torres\\Desktop\\api_ap2_segunda\\api_ap2_segunda\\vendor\\laravel\\framework\\src\\Illuminate\\Pipeline\\Pipeline.php(119): Illuminate\\Pipeline\\Pipeline->Illuminate\\Pipeline\\{closure}(Object(Illuminate\\Http\\Request))
#15 C:\\Users\\aluno.torres\\Desktop\\api_ap2_segunda\\api_ap2_segunda\\vendor\\laravel\\framework\\src\\Illuminate\\Routing\\Router.php(807): Illuminate\\Pipeline\\Pipeline->then(Object(Closure))
#16 C:\\Users\\aluno.torres\\Desktop\\api_ap2_segunda\\api_ap2_segunda\\vendor\\laravel\\framework\\src\\Illuminate\\Routing\\Router.php(786): Illuminate\\Routing\\Router->runRouteWithinStack(Object(Illuminate\\Routing\\Route), Object(Illuminate\\Http\\Request))
#17 C:\\Users\\aluno.torres\\Desktop\\api_ap2_segunda\\api_ap2_segunda\\vendor\\laravel\\framework\\src\\Illuminate\\Routing\\Router.php(750): Illuminate\\Routing\\Router->runRoute(Object(Illuminate\\Http\\Request), Object(Illuminate\\Routing\\Route))
#18 C:\\Users\\aluno.torres\\Desktop\\api_ap2_segunda\\api_ap2_segunda\\vendor\\laravel\\framework\\src\\Illuminate\\Routing\\Router.php(739): Illuminate\\Routing\\Router->dispatchToRoute(Object(Illuminate\\Http\\Request))
#19 C:\\Users\\aluno.torres\\Desktop\\api_ap2_segunda\\api_ap2_segunda\\vendor\\laravel\\framework\\src\\Illuminate\\Foundation\\Http\\Kernel.php(201): Illuminate\\Routing\\Router->dispatch(Object(Illuminate\\Http\\Request))
#20 C:\\Users\\aluno.torres\\Desktop\\api_ap2_segunda\\api_ap2_segunda\\vendor\\laravel\\framework\\src\\Illuminate\\Pipeline\\Pipeline.php(144): Illuminate\\Foundation\\Http\\Kernel->Illuminate\\Foundation\\Http\\{closure}(Object(Illuminate\\Http\\Request))
#21 C:\\Users\\aluno.torres\\Desktop\\api_ap2_segunda\\api_ap2_segunda\\vendor\\laravel\\framework\\src\\Illuminate\\Foundation\\Http\\Middleware\\TransformsRequest.php(21): Illuminate\\Pipeline\\Pipeline->Illuminate\\Pipeline\\{closure}(Object(Illuminate\\Http\\Request))
#22 C:\\Users\\aluno.torres\\Desktop\\api_ap2_segunda\\api_ap2_segunda\\vendor\\laravel\\framework\\src\\Illuminate\\Foundation\\Http\\Middleware\\ConvertEmptyStringsToNull.php(31): Illuminate\\Foundation\\Http\\Middleware\\TransformsRequest->handle(Object(Illuminate\\Http\\Request), Object(Closure))
#23 C:\\Users\\aluno.torres\\Desktop\\api_ap2_segunda\\api_ap2_segunda\\vendor\\laravel\\framework\\src\\Illuminate\\Pipeline\\Pipeline.php(183): Illuminate\\Foundation\\Http\\Middleware\\ConvertEmptyStringsToNull->handle(Object(Illuminate\\Http\\Request), Object(Closure))
#24 C:\\Users\\aluno.torres\\Desktop\\api_ap2_segunda\\api_ap2_segunda\\vendor\\laravel\\framework\\src\\Illuminate\\Foundation\\Http\\Middleware\\TransformsRequest.php(21): Illuminate\\Pipeline\\Pipeline->Illuminate\\Pipeline\\{closure}(Object(Illuminate\\Http\\Request))
#25 C:\\Users\\aluno.torres\\Desktop\\api_ap2_segunda\\api_ap2_segunda\\vendor\\laravel\\framework\\src\\Illuminate\\Foundation\\Http\\Middleware\\TrimStrings.php(51): Illuminate\\Foundation\\Http\\Middleware\\TransformsRequest->handle(Object(Illuminate\\Http\\Request), Object(Closure))
#26 C:\\Users\\aluno.torres\\Desktop\\api_ap2_segunda\\api_ap2_segunda\\vendor\\laravel\\framework\\src\\Illuminate\\Pipeline\\Pipeline.php(183): Illuminate\\Foundation\\Http\\Middleware\\TrimStrings->handle(Object(Illuminate\\Http\\Request), Object(Closure))
#27 C:\\Users\\aluno.torres\\Desktop\\api_ap2_segunda\\api_ap2_segunda\\vendor\\laravel\\framework\\src\\Illuminate\\Http\\Middleware\\ValidatePostSize.php(27): Illuminate\\Pipeline\\Pipeline->Illuminate\\Pipeline\\{closure}(Object(Illuminate\\Http\\Request))
#28 C:\\Users\\aluno.torres\\Desktop\\api_ap2_segunda\\api_ap2_segunda\\vendor\\laravel\\framework\\src\\Illuminate\\Pipeline\\Pipeline.php(183): Illuminate\\Http\\Middleware\\ValidatePostSize->handle(Object(Illuminate\\Http\\Request), Object(Closure))
#29 C:\\Users\\aluno.torres\\Desktop\\api_ap2_segunda\\api_ap2_segunda\\vendor\\laravel\\framework\\src\\Illuminate\\Foundation\\Http\\Middleware\\PreventRequestsDuringMaintenance.php(110): Illuminate\\Pipeline\\Pipeline->Illuminate\\Pipeline\\{closure}(Object(Illuminate\\Http\\Request))
#30 C:\\Users\\aluno.torres\\Desktop\\api_ap2_segunda\\api_ap2_segunda\\vendor\\laravel\\framework\\src\\Illuminate\\Pipeline\\Pipeline.php(183): Illuminate\\Foundation\\Http\\Middleware\\PreventRequestsDuringMaintenance->handle(Object(Illuminate\\Http\\Request), Object(Closure))
#31 C:\\Users\\aluno.torres\\Desktop\\api_ap2_segunda\\api_ap2_segunda\\vendor\\laravel\\framework\\src\\Illuminate\\Http\\Middleware\\HandleCors.php(62): Illuminate\\Pipeline\\Pipeline->Illuminate\\Pipeline\\{closure}(Object(Illuminate\\Http\\Request))
#32 C:\\Users\\aluno.torres\\Desktop\\api_ap2_segunda\\api_ap2_segunda\\vendor\\laravel\\framework\\src\\Illuminate\\Pipeline\\Pipeline.php(183): Illuminate\\Http\\Middleware\\HandleCors->handle(Object(Illuminate\\Http\\Request), Object(Closure))
#33 C:\\Users\\aluno.torres\\Desktop\\api_ap2_segunda\\api_ap2_segunda\\vendor\\laravel\\framework\\src\\Illuminate\\Http\\Middleware\\TrustProxies.php(58): Illuminate\\Pipeline\\Pipeline->Illuminate\\Pipeline\\{closure}(Object(Illuminate\\Http\\Request))
#34 C:\\Users\\aluno.torres\\Desktop\\api_ap2_segunda\\api_ap2_segunda\\vendor\\laravel\\framework\\src\\Illuminate\\Pipeline\\Pipeline.php(183): Illuminate\\Http\\Middleware\\TrustProxies->handle(Object(Illuminate\\Http\\Request), Object(Closure))
#35 C:\\Users\\aluno.torres\\Desktop\\api_ap2_segunda\\api_ap2_segunda\\vendor\\laravel\\framework\\src\\Illuminate\\Foundation\\Http\\Middleware\\InvokeDeferredCallbacks.php(22): Illuminate\\Pipeline\\Pipeline->Illuminate\\Pipeline\\{closure}(Object(Illuminate\\Http\\Request))
#36 C:\\Users\\aluno.torres\\Desktop\\api_ap2_segunda\\api_ap2_segunda\\vendor\\laravel\\framework\\src\\Illuminate\\Pipeline\\Pipeline.php(183): Illuminate\\Foundation\\Http\\Middleware\\InvokeDeferredCallbacks->handle(Object(Illuminate\\Http\\Request), Object(Closure))
#37 C:\\Users\\aluno.torres\\Desktop\\api_ap2_segunda\\api_ap2_segunda\\vendor\\laravel\\framework\\src\\Illuminate\\Pipeline\\Pipeline.php(119): Illuminate\\Pipeline\\Pipeline->Illuminate\\Pipeline\\{closure}(Object(Illuminate\\Http\\Request))
#38 C:\\Users\\aluno.torres\\Desktop\\api_ap2_segunda\\api_ap2_segunda\\vendor\\laravel\\framework\\src\\Illuminate\\Foundation\\Http\\Kernel.php(176): Illuminate\\Pipeline\\Pipeline->then(Object(Closure))
#39 C:\\Users\\aluno.torres\\Desktop\\api_ap2_segunda\\api_ap2_segunda\\vendor\\laravel\\framework\\src\\Illuminate\\Foundation\\Http\\Kernel.php(145): Illuminate\\Foundation\\Http\\Kernel->sendRequestThroughRouter(Object(Illuminate\\Http\\Request))
#40 C:\\Users\\aluno.torres\\Desktop\\api_ap2_segunda\\api_ap2_segunda\\vendor\\laravel\\framework\\src\\Illuminate\\Foundation\\Application.php(1188): Illuminate\\Foundation\\Http\\Kernel->handle(Object(Illuminate\\Http\\Request))
#41 C:\\Users\\aluno.torres\\Desktop\\api_ap2_segunda\\api_ap2_segunda\\public\\index.php(17): Illuminate\\Foundation\\Application->handleRequest(Object(Illuminate\\Http\\Request))
#42 C:\\Users\\aluno.torres\\Desktop\\api_ap2_segunda\\api_ap2_segunda\\vendor\\laravel\\framework\\src\\Illuminate\\Foundation\\resources\\server.php(23): require_once('C:\\\\Users\\\\aluno....')
#43 {main}
"} 
